{"/Users/shimanotakumi/Antigravity/Elvgain-Caliculator/js/calculations.js": {"path":"/Users/shimanotakumi/Antigravity/Elvgain-Caliculator/js/calculations.js","statementMap":{"0":{"start":{"line":9,"column":23},"end":{"line":9,"column":27}},"1":{"start":{"line":10,"column":23},"end":{"line":10,"column":27}},"2":{"start":{"line":13,"column":2},"end":{"line":38,"column":null}},"3":{"start":{"line":15,"column":4},"end":{"line":22,"column":null}},"4":{"start":{"line":20,"column":6},"end":{"line":20,"column":null}},"5":{"start":{"line":21,"column":6},"end":{"line":21,"column":null}},"6":{"start":{"line":23,"column":4},"end":{"line":26,"column":null}},"7":{"start":{"line":24,"column":6},"end":{"line":24,"column":null}},"8":{"start":{"line":25,"column":6},"end":{"line":25,"column":null}},"9":{"start":{"line":29,"column":17},"end":{"line":29,"column":62}},"10":{"start":{"line":30,"column":4},"end":{"line":33,"column":null}},"11":{"start":{"line":31,"column":6},"end":{"line":31,"column":null}},"12":{"start":{"line":32,"column":6},"end":{"line":32,"column":null}},"13":{"start":{"line":34,"column":4},"end":{"line":34,"column":null}},"14":{"start":{"line":34,"column":37},"end":{"line":34,"column":69}},"15":{"start":{"line":36,"column":4},"end":{"line":36,"column":null}},"16":{"start":{"line":37,"column":4},"end":{"line":37,"column":null}},"17":{"start":{"line":48,"column":2},"end":{"line":53,"column":null}},"18":{"start":{"line":49,"column":4},"end":{"line":51,"column":null}},"19":{"start":{"line":50,"column":6},"end":{"line":50,"column":null}},"20":{"start":{"line":52,"column":4},"end":{"line":52,"column":null}},"21":{"start":{"line":54,"column":15},"end":{"line":54,"column":37}},"22":{"start":{"line":55,"column":21},"end":{"line":55,"column":63}},"23":{"start":{"line":56,"column":2},"end":{"line":56,"column":null}},"24":{"start":{"line":60,"column":0},"end":{"line":63,"column":null}},"25":{"start":{"line":61,"column":2},"end":{"line":61,"column":null}},"26":{"start":{"line":62,"column":2},"end":{"line":62,"column":null}},"27":{"start":{"line":64,"column":0},"end":{"line":66,"column":null}},"28":{"start":{"line":65,"column":2},"end":{"line":65,"column":null}}},"fnMap":{"0":{"name":"calculateWeekTotal","decl":{"start":{"line":12,"column":15},"end":{"line":12,"column":33}},"loc":{"start":{"line":12,"column":57},"end":{"line":39,"column":null}},"line":12},"1":{"name":"(anonymous_1)","decl":{"start":{"line":34,"column":23},"end":{"line":34,"column":24}},"loc":{"start":{"line":34,"column":37},"end":{"line":34,"column":69}},"line":34},"2":{"name":"calculateWeekProgress","decl":{"start":{"line":47,"column":9},"end":{"line":47,"column":30}},"loc":{"start":{"line":47,"column":54},"end":{"line":57,"column":null}},"line":47}},"branchMap":{"0":{"loc":{"start":{"line":15,"column":4},"end":{"line":22,"column":null}},"type":"if","locations":[{"start":{"line":15,"column":4},"end":{"line":22,"column":null}},{"start":{},"end":{}}],"line":15},"1":{"loc":{"start":{"line":16,"column":6},"end":{"line":18,"column":null}},"type":"binary-expr","locations":[{"start":{"line":16,"column":6},"end":{"line":16,"column":33}},{"start":{"line":17,"column":6},"end":{"line":17,"column":31}},{"start":{"line":18,"column":6},"end":{"line":18,"column":null}}],"line":16},"2":{"loc":{"start":{"line":23,"column":4},"end":{"line":26,"column":null}},"type":"if","locations":[{"start":{"line":23,"column":4},"end":{"line":26,"column":null}},{"start":{},"end":{}}],"line":23},"3":{"loc":{"start":{"line":23,"column":8},"end":{"line":23,"column":77}},"type":"binary-expr","locations":[{"start":{"line":23,"column":8},"end":{"line":23,"column":38}},{"start":{"line":23,"column":42},"end":{"line":23,"column":57}},{"start":{"line":23,"column":61},"end":{"line":23,"column":77}}],"line":23},"4":{"loc":{"start":{"line":30,"column":4},"end":{"line":33,"column":null}},"type":"if","locations":[{"start":{"line":30,"column":4},"end":{"line":33,"column":null}},{"start":{},"end":{}}],"line":30},"5":{"loc":{"start":{"line":34,"column":44},"end":{"line":34,"column":68}},"type":"binary-expr","locations":[{"start":{"line":34,"column":44},"end":{"line":34,"column":63}},{"start":{"line":34,"column":67},"end":{"line":34,"column":68}}],"line":34},"6":{"loc":{"start":{"line":48,"column":2},"end":{"line":53,"column":null}},"type":"if","locations":[{"start":{"line":48,"column":2},"end":{"line":53,"column":null}},{"start":{},"end":{}}],"line":48},"7":{"loc":{"start":{"line":48,"column":6},"end":{"line":48,"column":61}},"type":"binary-expr","locations":[{"start":{"line":48,"column":6},"end":{"line":48,"column":21}},{"start":{"line":48,"column":25},"end":{"line":48,"column":45}},{"start":{"line":48,"column":49},"end":{"line":48,"column":61}}],"line":48},"8":{"loc":{"start":{"line":49,"column":4},"end":{"line":51,"column":null}},"type":"if","locations":[{"start":{"line":49,"column":4},"end":{"line":51,"column":null}},{"start":{},"end":{}}],"line":49},"9":{"loc":{"start":{"line":60,"column":0},"end":{"line":63,"column":null}},"type":"if","locations":[{"start":{"line":60,"column":0},"end":{"line":63,"column":null}},{"start":{},"end":{}}],"line":60},"10":{"loc":{"start":{"line":64,"column":0},"end":{"line":66,"column":null}},"type":"if","locations":[{"start":{"line":64,"column":0},"end":{"line":66,"column":null}},{"start":{},"end":{}}],"line":64},"11":{"loc":{"start":{"line":64,"column":4},"end":{"line":64,"column":51}},"type":"binary-expr","locations":[{"start":{"line":64,"column":4},"end":{"line":64,"column":33}},{"start":{"line":64,"column":37},"end":{"line":64,"column":51}}],"line":64}},"s":{"0":16,"1":16,"2":7,"3":7,"4":1,"5":1,"6":6,"7":2,"8":2,"9":4,"10":3,"11":1,"12":1,"13":2,"14":4,"15":1,"16":1,"17":4,"18":2,"19":1,"20":1,"21":2,"22":2,"23":2,"24":16,"25":16,"26":16,"27":16,"28":16},"f":{"0":7,"1":4,"2":4},"b":{"0":[1,6],"1":[7,7,6],"2":[2,4],"3":[6,5,5],"4":[1,2],"5":[4,2],"6":[2,2],"7":[4,3,3],"8":[1,1],"9":[16,0],"10":[16,0],"11":[16,16]},"meta":{"lastBranch":12,"lastFunction":3,"lastStatement":29,"seen":{"s:9:23:9:27":0,"s:10:23:10:27":1,"f:12:15:12:33":0,"s:13:2:38:Infinity":2,"b:15:4:22:Infinity:undefined:undefined:undefined:undefined":0,"s:15:4:22:Infinity":3,"b:16:6:16:33:17:6:17:31:18:6:18:Infinity":1,"s:20:6:20:Infinity":4,"s:21:6:21:Infinity":5,"b:23:4:26:Infinity:undefined:undefined:undefined:undefined":2,"s:23:4:26:Infinity":6,"b:23:8:23:38:23:42:23:57:23:61:23:77":3,"s:24:6:24:Infinity":7,"s:25:6:25:Infinity":8,"s:29:17:29:62":9,"b:30:4:33:Infinity:undefined:undefined:undefined:undefined":4,"s:30:4:33:Infinity":10,"s:31:6:31:Infinity":11,"s:32:6:32:Infinity":12,"s:34:4:34:Infinity":13,"f:34:23:34:24":1,"s:34:37:34:69":14,"b:34:44:34:63:34:67:34:68":5,"s:36:4:36:Infinity":15,"s:37:4:37:Infinity":16,"f:47:9:47:30":2,"b:48:2:53:Infinity:undefined:undefined:undefined:undefined":6,"s:48:2:53:Infinity":17,"b:48:6:48:21:48:25:48:45:48:49:48:61":7,"b:49:4:51:Infinity:undefined:undefined:undefined:undefined":8,"s:49:4:51:Infinity":18,"s:50:6:50:Infinity":19,"s:52:4:52:Infinity":20,"s:54:15:54:37":21,"s:55:21:55:63":22,"s:56:2:56:Infinity":23,"b:60:0:63:Infinity:undefined:undefined:undefined:undefined":9,"s:60:0:63:Infinity":24,"s:61:2:61:Infinity":25,"s:62:2:62:Infinity":26,"b:64:0:66:Infinity:undefined:undefined:undefined:undefined":10,"s:64:0:66:Infinity":27,"b:64:4:64:33:64:37:64:51":11,"s:65:2:65:Infinity":28}}}
,"/Users/shimanotakumi/Antigravity/Elvgain-Caliculator/js/db.js": {"path":"/Users/shimanotakumi/Antigravity/Elvgain-Caliculator/js/db.js","statementMap":{"0":{"start":{"line":1,"column":16},"end":{"line":1,"column":34}},"1":{"start":{"line":2,"column":19},"end":{"line":2,"column":20}},"2":{"start":{"line":5,"column":9},"end":{"line":5,"column":13}},"3":{"start":{"line":12,"column":2},"end":{"line":12,"column":null}},"4":{"start":{"line":12,"column":10},"end":{"line":12,"column":null}},"5":{"start":{"line":14,"column":2},"end":{"line":51,"column":null}},"6":{"start":{"line":15,"column":20},"end":{"line":15,"column":55}},"7":{"start":{"line":17,"column":4},"end":{"line":41,"column":null}},"8":{"start":{"line":18,"column":17},"end":{"line":18,"column":36}},"9":{"start":{"line":30,"column":6},"end":{"line":35,"column":null}},"10":{"start":{"line":31,"column":28},"end":{"line":31,"column":79}},"11":{"start":{"line":32,"column":8},"end":{"line":34,"column":null}},"12":{"start":{"line":38,"column":6},"end":{"line":40,"column":null}},"13":{"start":{"line":39,"column":8},"end":{"line":39,"column":null}},"14":{"start":{"line":43,"column":4},"end":{"line":46,"column":null}},"15":{"start":{"line":44,"column":6},"end":{"line":44,"column":null}},"16":{"start":{"line":45,"column":6},"end":{"line":45,"column":null}},"17":{"start":{"line":48,"column":4},"end":{"line":50,"column":null}},"18":{"start":{"line":49,"column":6},"end":{"line":49,"column":null}},"19":{"start":{"line":60,"column":2},"end":{"line":75,"column":null}},"20":{"start":{"line":61,"column":15},"end":{"line":61,"column":29}},"21":{"start":{"line":62,"column":4},"end":{"line":71,"column":null}},"22":{"start":{"line":63,"column":26},"end":{"line":63,"column":64}},"23":{"start":{"line":64,"column":20},"end":{"line":64,"column":53}},"24":{"start":{"line":65,"column":22},"end":{"line":65,"column":37}},"25":{"start":{"line":66,"column":6},"end":{"line":66,"column":null}},"26":{"start":{"line":66,"column":32},"end":{"line":66,"column":55}},"27":{"start":{"line":67,"column":6},"end":{"line":70,"column":null}},"28":{"start":{"line":68,"column":8},"end":{"line":68,"column":null}},"29":{"start":{"line":69,"column":8},"end":{"line":69,"column":null}},"30":{"start":{"line":73,"column":4},"end":{"line":73,"column":null}},"31":{"start":{"line":74,"column":4},"end":{"line":74,"column":null}},"32":{"start":{"line":84,"column":2},"end":{"line":99,"column":null}},"33":{"start":{"line":85,"column":15},"end":{"line":85,"column":29}},"34":{"start":{"line":86,"column":4},"end":{"line":95,"column":null}},"35":{"start":{"line":87,"column":26},"end":{"line":87,"column":65}},"36":{"start":{"line":88,"column":20},"end":{"line":88,"column":53}},"37":{"start":{"line":89,"column":22},"end":{"line":89,"column":37}},"38":{"start":{"line":90,"column":6},"end":{"line":90,"column":null}},"39":{"start":{"line":90,"column":32},"end":{"line":90,"column":41}},"40":{"start":{"line":91,"column":6},"end":{"line":94,"column":null}},"41":{"start":{"line":92,"column":8},"end":{"line":92,"column":null}},"42":{"start":{"line":93,"column":8},"end":{"line":93,"column":null}},"43":{"start":{"line":97,"column":4},"end":{"line":97,"column":null}},"44":{"start":{"line":98,"column":4},"end":{"line":98,"column":null}},"45":{"start":{"line":108,"column":2},"end":{"line":123,"column":null}},"46":{"start":{"line":109,"column":15},"end":{"line":109,"column":29}},"47":{"start":{"line":110,"column":4},"end":{"line":119,"column":null}},"48":{"start":{"line":111,"column":26},"end":{"line":111,"column":65}},"49":{"start":{"line":112,"column":20},"end":{"line":112,"column":53}},"50":{"start":{"line":113,"column":22},"end":{"line":113,"column":40}},"51":{"start":{"line":114,"column":6},"end":{"line":114,"column":null}},"52":{"start":{"line":114,"column":32},"end":{"line":114,"column":41}},"53":{"start":{"line":115,"column":6},"end":{"line":118,"column":null}},"54":{"start":{"line":116,"column":8},"end":{"line":116,"column":null}},"55":{"start":{"line":117,"column":8},"end":{"line":117,"column":null}},"56":{"start":{"line":121,"column":4},"end":{"line":121,"column":null}},"57":{"start":{"line":122,"column":4},"end":{"line":122,"column":null}},"58":{"start":{"line":133,"column":2},"end":{"line":149,"column":null}},"59":{"start":{"line":134,"column":15},"end":{"line":134,"column":29}},"60":{"start":{"line":135,"column":4},"end":{"line":145,"column":null}},"61":{"start":{"line":136,"column":26},"end":{"line":136,"column":64}},"62":{"start":{"line":137,"column":20},"end":{"line":137,"column":53}},"63":{"start":{"line":138,"column":20},"end":{"line":138,"column":39}},"64":{"start":{"line":139,"column":22},"end":{"line":139,"column":59}},"65":{"start":{"line":140,"column":6},"end":{"line":140,"column":null}},"66":{"start":{"line":140,"column":32},"end":{"line":140,"column":55}},"67":{"start":{"line":141,"column":6},"end":{"line":144,"column":null}},"68":{"start":{"line":142,"column":8},"end":{"line":142,"column":null}},"69":{"start":{"line":143,"column":8},"end":{"line":143,"column":null}},"70":{"start":{"line":147,"column":4},"end":{"line":147,"column":null}},"71":{"start":{"line":148,"column":4},"end":{"line":148,"column":null}},"72":{"start":{"line":157,"column":2},"end":{"line":172,"column":null}},"73":{"start":{"line":158,"column":15},"end":{"line":158,"column":29}},"74":{"start":{"line":159,"column":4},"end":{"line":168,"column":null}},"75":{"start":{"line":160,"column":26},"end":{"line":160,"column":64}},"76":{"start":{"line":161,"column":20},"end":{"line":161,"column":53}},"77":{"start":{"line":162,"column":22},"end":{"line":162,"column":36}},"78":{"start":{"line":163,"column":6},"end":{"line":163,"column":null}},"79":{"start":{"line":163,"column":32},"end":{"line":163,"column":55}},"80":{"start":{"line":164,"column":6},"end":{"line":167,"column":null}},"81":{"start":{"line":165,"column":8},"end":{"line":165,"column":null}},"82":{"start":{"line":166,"column":8},"end":{"line":166,"column":null}},"83":{"start":{"line":170,"column":4},"end":{"line":170,"column":null}},"84":{"start":{"line":171,"column":4},"end":{"line":171,"column":null}},"85":{"start":{"line":181,"column":2},"end":{"line":196,"column":null}},"86":{"start":{"line":182,"column":15},"end":{"line":182,"column":29}},"87":{"start":{"line":183,"column":4},"end":{"line":192,"column":null}},"88":{"start":{"line":184,"column":26},"end":{"line":184,"column":68}},"89":{"start":{"line":185,"column":20},"end":{"line":185,"column":57}},"90":{"start":{"line":186,"column":22},"end":{"line":186,"column":36}},"91":{"start":{"line":187,"column":6},"end":{"line":187,"column":null}},"92":{"start":{"line":187,"column":32},"end":{"line":187,"column":55}},"93":{"start":{"line":188,"column":6},"end":{"line":191,"column":null}},"94":{"start":{"line":189,"column":8},"end":{"line":189,"column":null}},"95":{"start":{"line":190,"column":8},"end":{"line":190,"column":null}},"96":{"start":{"line":194,"column":4},"end":{"line":194,"column":null}},"97":{"start":{"line":195,"column":4},"end":{"line":195,"column":null}},"98":{"start":{"line":205,"column":2},"end":{"line":220,"column":null}},"99":{"start":{"line":206,"column":15},"end":{"line":206,"column":29}},"100":{"start":{"line":207,"column":4},"end":{"line":216,"column":null}},"101":{"start":{"line":208,"column":26},"end":{"line":208,"column":69}},"102":{"start":{"line":209,"column":20},"end":{"line":209,"column":57}},"103":{"start":{"line":210,"column":22},"end":{"line":210,"column":37}},"104":{"start":{"line":211,"column":6},"end":{"line":211,"column":null}},"105":{"start":{"line":211,"column":32},"end":{"line":211,"column":41}},"106":{"start":{"line":212,"column":6},"end":{"line":215,"column":null}},"107":{"start":{"line":213,"column":8},"end":{"line":213,"column":null}},"108":{"start":{"line":214,"column":8},"end":{"line":214,"column":null}},"109":{"start":{"line":218,"column":4},"end":{"line":218,"column":null}},"110":{"start":{"line":219,"column":4},"end":{"line":219,"column":null}},"111":{"start":{"line":228,"column":2},"end":{"line":243,"column":null}},"112":{"start":{"line":229,"column":15},"end":{"line":229,"column":29}},"113":{"start":{"line":230,"column":4},"end":{"line":239,"column":null}},"114":{"start":{"line":231,"column":26},"end":{"line":231,"column":68}},"115":{"start":{"line":232,"column":20},"end":{"line":232,"column":57}},"116":{"start":{"line":233,"column":22},"end":{"line":233,"column":36}},"117":{"start":{"line":234,"column":6},"end":{"line":234,"column":null}},"118":{"start":{"line":234,"column":32},"end":{"line":234,"column":55}},"119":{"start":{"line":235,"column":6},"end":{"line":238,"column":null}},"120":{"start":{"line":236,"column":8},"end":{"line":236,"column":null}},"121":{"start":{"line":237,"column":8},"end":{"line":237,"column":null}},"122":{"start":{"line":241,"column":4},"end":{"line":241,"column":null}},"123":{"start":{"line":242,"column":4},"end":{"line":242,"column":null}},"124":{"start":{"line":247,"column":0},"end":{"line":257,"column":null}},"125":{"start":{"line":248,"column":2},"end":{"line":248,"column":null}},"126":{"start":{"line":249,"column":2},"end":{"line":249,"column":null}},"127":{"start":{"line":250,"column":2},"end":{"line":250,"column":null}},"128":{"start":{"line":251,"column":2},"end":{"line":251,"column":null}},"129":{"start":{"line":252,"column":2},"end":{"line":252,"column":null}},"130":{"start":{"line":253,"column":2},"end":{"line":253,"column":null}},"131":{"start":{"line":254,"column":2},"end":{"line":254,"column":null}},"132":{"start":{"line":255,"column":2},"end":{"line":255,"column":null}},"133":{"start":{"line":256,"column":2},"end":{"line":256,"column":null}},"134":{"start":{"line":258,"column":0},"end":{"line":270,"column":null}},"135":{"start":{"line":259,"column":2},"end":{"line":269,"column":null}},"136":{"start":{"line":273,"column":0},"end":{"line":277,"column":null}},"137":{"start":{"line":274,"column":2},"end":{"line":276,"column":null}},"138":{"start":{"line":275,"column":4},"end":{"line":275,"column":null}}},"fnMap":{"0":{"name":"initDB","decl":{"start":{"line":11,"column":15},"end":{"line":11,"column":21}},"loc":{"start":{"line":11,"column":24},"end":{"line":52,"column":null}},"line":11},"1":{"name":"(anonymous_1)","decl":{"start":{"line":14,"column":21},"end":{"line":14,"column":22}},"loc":{"start":{"line":14,"column":42},"end":{"line":51,"column":3}},"line":14},"2":{"name":"(anonymous_2)","decl":{"start":{"line":17,"column":30},"end":{"line":17,"column":31}},"loc":{"start":{"line":17,"column":41},"end":{"line":41,"column":5}},"line":17},"3":{"name":"(anonymous_3)","decl":{"start":{"line":43,"column":24},"end":{"line":43,"column":25}},"loc":{"start":{"line":43,"column":35},"end":{"line":46,"column":5}},"line":43},"4":{"name":"(anonymous_4)","decl":{"start":{"line":48,"column":22},"end":{"line":48,"column":23}},"loc":{"start":{"line":48,"column":33},"end":{"line":50,"column":5}},"line":48},"5":{"name":"getDayLog","decl":{"start":{"line":59,"column":15},"end":{"line":59,"column":24}},"loc":{"start":{"line":59,"column":31},"end":{"line":76,"column":null}},"line":59},"6":{"name":"(anonymous_6)","decl":{"start":{"line":62,"column":23},"end":{"line":62,"column":24}},"loc":{"start":{"line":62,"column":44},"end":{"line":71,"column":5}},"line":62},"7":{"name":"(anonymous_7)","decl":{"start":{"line":66,"column":26},"end":{"line":66,"column":27}},"loc":{"start":{"line":66,"column":32},"end":{"line":66,"column":55}},"line":66},"8":{"name":"(anonymous_8)","decl":{"start":{"line":67,"column":24},"end":{"line":67,"column":25}},"loc":{"start":{"line":67,"column":30},"end":{"line":70,"column":7}},"line":67},"9":{"name":"saveDayLog","decl":{"start":{"line":83,"column":15},"end":{"line":83,"column":25}},"loc":{"start":{"line":83,"column":32},"end":{"line":100,"column":null}},"line":83},"10":{"name":"(anonymous_10)","decl":{"start":{"line":86,"column":23},"end":{"line":86,"column":24}},"loc":{"start":{"line":86,"column":44},"end":{"line":95,"column":5}},"line":86},"11":{"name":"(anonymous_11)","decl":{"start":{"line":90,"column":26},"end":{"line":90,"column":27}},"loc":{"start":{"line":90,"column":32},"end":{"line":90,"column":41}},"line":90},"12":{"name":"(anonymous_12)","decl":{"start":{"line":91,"column":24},"end":{"line":91,"column":25}},"loc":{"start":{"line":91,"column":30},"end":{"line":94,"column":7}},"line":91},"13":{"name":"deleteDayLog","decl":{"start":{"line":107,"column":15},"end":{"line":107,"column":27}},"loc":{"start":{"line":107,"column":34},"end":{"line":124,"column":null}},"line":107},"14":{"name":"(anonymous_14)","decl":{"start":{"line":110,"column":23},"end":{"line":110,"column":24}},"loc":{"start":{"line":110,"column":44},"end":{"line":119,"column":5}},"line":110},"15":{"name":"(anonymous_15)","decl":{"start":{"line":114,"column":26},"end":{"line":114,"column":27}},"loc":{"start":{"line":114,"column":32},"end":{"line":114,"column":41}},"line":114},"16":{"name":"(anonymous_16)","decl":{"start":{"line":115,"column":24},"end":{"line":115,"column":25}},"loc":{"start":{"line":115,"column":30},"end":{"line":118,"column":7}},"line":115},"17":{"name":"getDayLogsByWeek","decl":{"start":{"line":132,"column":15},"end":{"line":132,"column":31}},"loc":{"start":{"line":132,"column":55},"end":{"line":150,"column":null}},"line":132},"18":{"name":"(anonymous_18)","decl":{"start":{"line":135,"column":23},"end":{"line":135,"column":24}},"loc":{"start":{"line":135,"column":44},"end":{"line":145,"column":5}},"line":135},"19":{"name":"(anonymous_19)","decl":{"start":{"line":140,"column":26},"end":{"line":140,"column":27}},"loc":{"start":{"line":140,"column":32},"end":{"line":140,"column":55}},"line":140},"20":{"name":"(anonymous_20)","decl":{"start":{"line":141,"column":24},"end":{"line":141,"column":25}},"loc":{"start":{"line":141,"column":30},"end":{"line":144,"column":7}},"line":141},"21":{"name":"getAllDayLogs","decl":{"start":{"line":156,"column":15},"end":{"line":156,"column":28}},"loc":{"start":{"line":156,"column":31},"end":{"line":173,"column":null}},"line":156},"22":{"name":"(anonymous_22)","decl":{"start":{"line":159,"column":23},"end":{"line":159,"column":24}},"loc":{"start":{"line":159,"column":44},"end":{"line":168,"column":5}},"line":159},"23":{"name":"(anonymous_23)","decl":{"start":{"line":163,"column":26},"end":{"line":163,"column":27}},"loc":{"start":{"line":163,"column":32},"end":{"line":163,"column":55}},"line":163},"24":{"name":"(anonymous_24)","decl":{"start":{"line":164,"column":24},"end":{"line":164,"column":25}},"loc":{"start":{"line":164,"column":30},"end":{"line":167,"column":7}},"line":164},"25":{"name":"getWeekTarget","decl":{"start":{"line":180,"column":15},"end":{"line":180,"column":28}},"loc":{"start":{"line":180,"column":34},"end":{"line":197,"column":null}},"line":180},"26":{"name":"(anonymous_26)","decl":{"start":{"line":183,"column":23},"end":{"line":183,"column":24}},"loc":{"start":{"line":183,"column":44},"end":{"line":192,"column":5}},"line":183},"27":{"name":"(anonymous_27)","decl":{"start":{"line":187,"column":26},"end":{"line":187,"column":27}},"loc":{"start":{"line":187,"column":32},"end":{"line":187,"column":55}},"line":187},"28":{"name":"(anonymous_28)","decl":{"start":{"line":188,"column":24},"end":{"line":188,"column":25}},"loc":{"start":{"line":188,"column":30},"end":{"line":191,"column":7}},"line":188},"29":{"name":"saveWeekTarget","decl":{"start":{"line":204,"column":15},"end":{"line":204,"column":29}},"loc":{"start":{"line":204,"column":36},"end":{"line":221,"column":null}},"line":204},"30":{"name":"(anonymous_30)","decl":{"start":{"line":207,"column":23},"end":{"line":207,"column":24}},"loc":{"start":{"line":207,"column":44},"end":{"line":216,"column":5}},"line":207},"31":{"name":"(anonymous_31)","decl":{"start":{"line":211,"column":26},"end":{"line":211,"column":27}},"loc":{"start":{"line":211,"column":32},"end":{"line":211,"column":41}},"line":211},"32":{"name":"(anonymous_32)","decl":{"start":{"line":212,"column":24},"end":{"line":212,"column":25}},"loc":{"start":{"line":212,"column":30},"end":{"line":215,"column":7}},"line":212},"33":{"name":"getAllWeekTargets","decl":{"start":{"line":227,"column":15},"end":{"line":227,"column":32}},"loc":{"start":{"line":227,"column":35},"end":{"line":244,"column":null}},"line":227},"34":{"name":"(anonymous_34)","decl":{"start":{"line":230,"column":23},"end":{"line":230,"column":24}},"loc":{"start":{"line":230,"column":44},"end":{"line":239,"column":5}},"line":230},"35":{"name":"(anonymous_35)","decl":{"start":{"line":234,"column":26},"end":{"line":234,"column":27}},"loc":{"start":{"line":234,"column":32},"end":{"line":234,"column":55}},"line":234},"36":{"name":"(anonymous_36)","decl":{"start":{"line":235,"column":24},"end":{"line":235,"column":25}},"loc":{"start":{"line":235,"column":30},"end":{"line":238,"column":7}},"line":235},"37":{"name":"(anonymous_37)","decl":{"start":{"line":274,"column":25},"end":{"line":274,"column":26}},"loc":{"start":{"line":274,"column":31},"end":{"line":276,"column":3}},"line":274}},"branchMap":{"0":{"loc":{"start":{"line":12,"column":2},"end":{"line":12,"column":null}},"type":"if","locations":[{"start":{"line":12,"column":2},"end":{"line":12,"column":null}},{"start":{},"end":{}}],"line":12},"1":{"loc":{"start":{"line":30,"column":6},"end":{"line":35,"column":null}},"type":"if","locations":[{"start":{"line":30,"column":6},"end":{"line":35,"column":null}},{"start":{},"end":{}}],"line":30},"2":{"loc":{"start":{"line":38,"column":6},"end":{"line":40,"column":null}},"type":"if","locations":[{"start":{"line":38,"column":6},"end":{"line":40,"column":null}},{"start":{},"end":{}}],"line":38},"3":{"loc":{"start":{"line":247,"column":0},"end":{"line":257,"column":null}},"type":"if","locations":[{"start":{"line":247,"column":0},"end":{"line":257,"column":null}},{"start":{},"end":{}}],"line":247},"4":{"loc":{"start":{"line":258,"column":0},"end":{"line":270,"column":null}},"type":"if","locations":[{"start":{"line":258,"column":0},"end":{"line":270,"column":null}},{"start":{},"end":{}}],"line":258},"5":{"loc":{"start":{"line":258,"column":4},"end":{"line":258,"column":51}},"type":"binary-expr","locations":[{"start":{"line":258,"column":4},"end":{"line":258,"column":33}},{"start":{"line":258,"column":37},"end":{"line":258,"column":51}}],"line":258},"6":{"loc":{"start":{"line":273,"column":0},"end":{"line":277,"column":null}},"type":"if","locations":[{"start":{"line":273,"column":0},"end":{"line":277,"column":null}},{"start":{},"end":{}}],"line":273}},"s":{"0":17,"1":17,"2":17,"3":47,"4":30,"5":17,"6":17,"7":17,"8":12,"9":12,"10":12,"11":12,"12":12,"13":12,"14":1,"15":17,"16":17,"17":1,"18":0,"19":4,"20":10,"21":10,"22":4,"23":4,"24":4,"25":4,"26":4,"27":1,"28":0,"29":0,"30":0,"31":0,"32":1,"33":1,"34":1,"35":6,"36":6,"37":6,"38":6,"39":6,"40":1,"41":0,"42":0,"43":0,"44":0,"45":1,"46":1,"47":1,"48":2,"49":2,"50":2,"51":2,"52":1,"53":2,"54":1,"55":1,"56":0,"57":0,"58":0,"59":1,"60":1,"61":1,"62":1,"63":1,"64":1,"65":1,"66":1,"67":1,"68":0,"69":0,"70":0,"71":0,"72":1,"73":0,"74":0,"75":0,"76":2,"77":2,"78":2,"79":1,"80":1,"81":1,"82":1,"83":0,"84":0,"85":1,"86":1,"87":1,"88":4,"89":4,"90":4,"91":4,"92":3,"93":2,"94":1,"95":1,"96":0,"97":0,"98":1,"99":1,"100":1,"101":7,"102":7,"103":7,"104":7,"105":6,"106":2,"107":1,"108":1,"109":0,"110":0,"111":2,"112":0,"113":0,"114":0,"115":3,"116":3,"117":3,"118":2,"119":1,"120":1,"121":1,"122":0,"123":0,"124":1,"125":1,"126":1,"127":1,"128":17,"129":17,"130":17,"131":17,"132":17,"133":17,"134":17,"135":17,"136":17,"137":17,"138":17},"f":{"0":47,"1":17,"2":12,"3":17,"4":0,"5":9,"6":10,"7":4,"8":0,"9":1,"10":6,"11":6,"12":0,"13":1,"14":2,"15":1,"16":1,"17":0,"18":1,"19":1,"20":0,"21":1,"22":0,"23":1,"24":1,"25":1,"26":4,"27":3,"28":1,"29":2,"30":1,"31":6,"32":1,"33":1,"34":0,"35":2,"36":1,"37":17},"b":{"0":[30,17],"1":[12,0],"2":[12,0],"3":[1,0],"4":[17,0],"5":[17,17],"6":[17,0]},"meta":{"lastBranch":7,"lastFunction":38,"lastStatement":139,"seen":{"s:1:16:1:34":0,"s:2:19:2:20":1,"s:5:9:5:13":2,"f:11:15:11:21":0,"b:12:2:12:Infinity:undefined:undefined:undefined:undefined":0,"s:12:2:12:Infinity":3,"s:12:10:12:Infinity":4,"s:14:2:51:Infinity":5,"f:14:21:14:22":1,"s:15:20:15:55":6,"s:17:4:41:Infinity":7,"f:17:30:17:31":2,"s:18:17:18:36":8,"b:30:6:35:Infinity:undefined:undefined:undefined:undefined":1,"s:30:6:35:Infinity":9,"s:31:28:31:79":10,"s:32:8:34:Infinity":11,"b:38:6:40:Infinity:undefined:undefined:undefined:undefined":2,"s:38:6:40:Infinity":12,"s:39:8:39:Infinity":13,"s:43:4:46:Infinity":14,"f:43:24:43:25":3,"s:44:6:44:Infinity":15,"s:45:6:45:Infinity":16,"s:48:4:50:Infinity":17,"f:48:22:48:23":4,"s:49:6:49:Infinity":18,"f:59:15:59:24":5,"s:60:2:75:Infinity":19,"s:61:15:61:29":20,"s:62:4:71:Infinity":21,"f:62:23:62:24":6,"s:63:26:63:64":22,"s:64:20:64:53":23,"s:65:22:65:37":24,"s:66:6:66:Infinity":25,"f:66:26:66:27":7,"s:66:32:66:55":26,"s:67:6:70:Infinity":27,"f:67:24:67:25":8,"s:68:8:68:Infinity":28,"s:69:8:69:Infinity":29,"s:73:4:73:Infinity":30,"s:74:4:74:Infinity":31,"f:83:15:83:25":9,"s:84:2:99:Infinity":32,"s:85:15:85:29":33,"s:86:4:95:Infinity":34,"f:86:23:86:24":10,"s:87:26:87:65":35,"s:88:20:88:53":36,"s:89:22:89:37":37,"s:90:6:90:Infinity":38,"f:90:26:90:27":11,"s:90:32:90:41":39,"s:91:6:94:Infinity":40,"f:91:24:91:25":12,"s:92:8:92:Infinity":41,"s:93:8:93:Infinity":42,"s:97:4:97:Infinity":43,"s:98:4:98:Infinity":44,"f:107:15:107:27":13,"s:108:2:123:Infinity":45,"s:109:15:109:29":46,"s:110:4:119:Infinity":47,"f:110:23:110:24":14,"s:111:26:111:65":48,"s:112:20:112:53":49,"s:113:22:113:40":50,"s:114:6:114:Infinity":51,"f:114:26:114:27":15,"s:114:32:114:41":52,"s:115:6:118:Infinity":53,"f:115:24:115:25":16,"s:116:8:116:Infinity":54,"s:117:8:117:Infinity":55,"s:121:4:121:Infinity":56,"s:122:4:122:Infinity":57,"f:132:15:132:31":17,"s:133:2:149:Infinity":58,"s:134:15:134:29":59,"s:135:4:145:Infinity":60,"f:135:23:135:24":18,"s:136:26:136:64":61,"s:137:20:137:53":62,"s:138:20:138:39":63,"s:139:22:139:59":64,"s:140:6:140:Infinity":65,"f:140:26:140:27":19,"s:140:32:140:55":66,"s:141:6:144:Infinity":67,"f:141:24:141:25":20,"s:142:8:142:Infinity":68,"s:143:8:143:Infinity":69,"s:147:4:147:Infinity":70,"s:148:4:148:Infinity":71,"f:156:15:156:28":21,"s:157:2:172:Infinity":72,"s:158:15:158:29":73,"s:159:4:168:Infinity":74,"f:159:23:159:24":22,"s:160:26:160:64":75,"s:161:20:161:53":76,"s:162:22:162:36":77,"s:163:6:163:Infinity":78,"f:163:26:163:27":23,"s:163:32:163:55":79,"s:164:6:167:Infinity":80,"f:164:24:164:25":24,"s:165:8:165:Infinity":81,"s:166:8:166:Infinity":82,"s:170:4:170:Infinity":83,"s:171:4:171:Infinity":84,"f:180:15:180:28":25,"s:181:2:196:Infinity":85,"s:182:15:182:29":86,"s:183:4:192:Infinity":87,"f:183:23:183:24":26,"s:184:26:184:68":88,"s:185:20:185:57":89,"s:186:22:186:36":90,"s:187:6:187:Infinity":91,"f:187:26:187:27":27,"s:187:32:187:55":92,"s:188:6:191:Infinity":93,"f:188:24:188:25":28,"s:189:8:189:Infinity":94,"s:190:8:190:Infinity":95,"s:194:4:194:Infinity":96,"s:195:4:195:Infinity":97,"f:204:15:204:29":29,"s:205:2:220:Infinity":98,"s:206:15:206:29":99,"s:207:4:216:Infinity":100,"f:207:23:207:24":30,"s:208:26:208:69":101,"s:209:20:209:57":102,"s:210:22:210:37":103,"s:211:6:211:Infinity":104,"f:211:26:211:27":31,"s:211:32:211:41":105,"s:212:6:215:Infinity":106,"f:212:24:212:25":32,"s:213:8:213:Infinity":107,"s:214:8:214:Infinity":108,"s:218:4:218:Infinity":109,"s:219:4:219:Infinity":110,"f:227:15:227:32":33,"s:228:2:243:Infinity":111,"s:229:15:229:29":112,"s:230:4:239:Infinity":113,"f:230:23:230:24":34,"s:231:26:231:68":114,"s:232:20:232:57":115,"s:233:22:233:36":116,"s:234:6:234:Infinity":117,"f:234:26:234:27":35,"s:234:32:234:55":118,"s:235:6:238:Infinity":119,"f:235:24:235:25":36,"s:236:8:236:Infinity":120,"s:237:8:237:Infinity":121,"s:241:4:241:Infinity":122,"s:242:4:242:Infinity":123,"b:247:0:257:Infinity:undefined:undefined:undefined:undefined":3,"s:247:0:257:Infinity":124,"s:248:2:248:Infinity":125,"s:249:2:249:Infinity":126,"s:250:2:250:Infinity":127,"s:251:2:251:Infinity":128,"s:252:2:252:Infinity":129,"s:253:2:253:Infinity":130,"s:254:2:254:Infinity":131,"s:255:2:255:Infinity":132,"s:256:2:256:Infinity":133,"b:258:0:270:Infinity:undefined:undefined:undefined:undefined":4,"s:258:0:270:Infinity":134,"b:258:4:258:33:258:37:258:51":5,"s:259:2:269:Infinity":135,"b:273:0:277:Infinity:undefined:undefined:undefined:undefined":6,"s:273:0:277:Infinity":136,"s:274:2:276:Infinity":137,"f:274:25:274:26":37,"s:275:4:275:Infinity":138}}}
,"/Users/shimanotakumi/Antigravity/Elvgain-Caliculator/js/iso-week.js": {"path":"/Users/shimanotakumi/Antigravity/Elvgain-Caliculator/js/iso-week.js","statementMap":{"0":{"start":{"line":8,"column":12},"end":{"line":8,"column":36}},"1":{"start":{"line":13,"column":17},"end":{"line":13,"column":40}},"2":{"start":{"line":14,"column":2},"end":{"line":14,"column":38}},"3":{"start":{"line":15,"column":18},"end":{"line":15,"column":33}},"4":{"start":{"line":18,"column":24},"end":{"line":18,"column":47}},"5":{"start":{"line":19,"column":30},"end":{"line":19,"column":62}},"6":{"start":{"line":20,"column":2},"end":{"line":20,"column":null}},"7":{"start":{"line":23,"column":21},"end":{"line":25,"column":3}},"8":{"start":{"line":28,"column":20},"end":{"line":28,"column":44}},"9":{"start":{"line":29,"column":2},"end":{"line":29,"column":null}},"10":{"start":{"line":31,"column":18},"end":{"line":31,"column":47}},"11":{"start":{"line":32,"column":2},"end":{"line":32,"column":null}},"12":{"start":{"line":34,"column":21},"end":{"line":39,"column":3}},"13":{"start":{"line":35,"column":14},"end":{"line":35,"column":32}},"14":{"start":{"line":36,"column":14},"end":{"line":36,"column":58}},"15":{"start":{"line":37,"column":16},"end":{"line":37,"column":55}},"16":{"start":{"line":38,"column":4},"end":{"line":38,"column":null}},"17":{"start":{"line":41,"column":2},"end":{"line":46,"column":null}},"18":{"start":{"line":50,"column":0},"end":{"line":52,"column":null}},"19":{"start":{"line":51,"column":2},"end":{"line":51,"column":null}},"20":{"start":{"line":53,"column":0},"end":{"line":55,"column":null}},"21":{"start":{"line":54,"column":2},"end":{"line":54,"column":null}}},"fnMap":{"0":{"name":"getISOWeekInfo","decl":{"start":{"line":7,"column":9},"end":{"line":7,"column":23}},"loc":{"start":{"line":7,"column":30},"end":{"line":47,"column":null}},"line":7},"1":{"name":"(anonymous_1)","decl":{"start":{"line":34,"column":21},"end":{"line":34,"column":22}},"loc":{"start":{"line":34,"column":31},"end":{"line":39,"column":3}},"line":34}},"branchMap":{"0":{"loc":{"start":{"line":50,"column":0},"end":{"line":52,"column":null}},"type":"if","locations":[{"start":{"line":50,"column":0},"end":{"line":52,"column":null}},{"start":{},"end":{}}],"line":50},"1":{"loc":{"start":{"line":53,"column":0},"end":{"line":55,"column":null}},"type":"if","locations":[{"start":{"line":53,"column":0},"end":{"line":55,"column":null}},{"start":{},"end":{}}],"line":53},"2":{"loc":{"start":{"line":53,"column":4},"end":{"line":53,"column":51}},"type":"binary-expr","locations":[{"start":{"line":53,"column":4},"end":{"line":53,"column":33}},{"start":{"line":53,"column":37},"end":{"line":53,"column":51}}],"line":53}},"s":{"0":4,"1":4,"2":4,"3":4,"4":4,"5":4,"6":4,"7":4,"8":4,"9":4,"10":4,"11":4,"12":4,"13":8,"14":8,"15":8,"16":8,"17":4,"18":17,"19":17,"20":17,"21":17},"f":{"0":4,"1":8},"b":{"0":[17,0],"1":[17,0],"2":[17,17]},"meta":{"lastBranch":3,"lastFunction":2,"lastStatement":22,"seen":{"f:7:9:7:23":0,"s:8:12:8:36":0,"s:13:17:13:40":1,"s:14:2:14:38":2,"s:15:18:15:33":3,"s:18:24:18:47":4,"s:19:30:19:62":5,"s:20:2:20:Infinity":6,"s:23:21:25:3":7,"s:28:20:28:44":8,"s:29:2:29:Infinity":9,"s:31:18:31:47":10,"s:32:2:32:Infinity":11,"s:34:21:39:3":12,"f:34:21:34:22":1,"s:35:14:35:32":13,"s:36:14:36:58":14,"s:37:16:37:55":15,"s:38:4:38:Infinity":16,"s:41:2:46:Infinity":17,"b:50:0:52:Infinity:undefined:undefined:undefined:undefined":0,"s:50:0:52:Infinity":18,"s:51:2:51:Infinity":19,"b:53:0:55:Infinity:undefined:undefined:undefined:undefined":1,"s:53:0:55:Infinity":20,"b:53:4:53:33:53:37:53:51":2,"s:54:2:54:Infinity":21}}}
,"/Users/shimanotakumi/Antigravity/Elvgain-Caliculator/test/mocks/indexedDB.js": {"path":"/Users/shimanotakumi/Antigravity/Elvgain-Caliculator/test/mocks/indexedDB.js","statementMap":{},"fnMap":{},"branchMap":{},"s":{},"f":{},"b":{},"meta":{"lastBranch":0,"lastFunction":0,"lastStatement":0,"seen":{}}}
}
